Fetching 9 files:   0%|          | 0/9 [00:00<?, ?it/s]Fetching 9 files: 100%|██████████| 9/9 [00:00<00:00, 15961.41it/s]
base-sheet s1 01_rle
base-sheet s1 02_vowels
base-sheet s1 03_gcd
base-sheet s1 04_binary
base-sheet s1 05_dedup
base-sheet s1 06_stats
base-sheet s1 07_matrix_diag
base-sheet s1 08_invoice
base-sheet s1 09_topwords
base-sheet s1 10_parse_pairs
base-sheet s1 11_collatz_max
base-sheet s1 12_celsius
base-sheet s1 13_describe
base-sheet s1 14_rect_lib
base-sheet s1 15_wordlens
base-sheet s2 01_rle
base-sheet s2 02_vowels
base-sheet s2 03_gcd
base-sheet s2 04_binary
base-sheet s2 05_dedup
base-sheet s2 06_stats
base-sheet s2 07_matrix_diag
base-sheet s2 08_invoice
base-sheet s2 09_topwords
base-sheet s2 10_parse_pairs
base-sheet s2 11_collatz_max
base-sheet s2 12_celsius
base-sheet s2 13_describe
base-sheet s2 14_rect_lib
base-sheet s2 15_wordlens
base-sheet s3 01_rle
base-sheet s3 02_vowels
base-sheet s3 03_gcd
base-sheet s3 04_binary
base-sheet s3 05_dedup
base-sheet s3 06_stats
base-sheet s3 07_matrix_diag
base-sheet s3 08_invoice
base-sheet s3 09_topwords
base-sheet s3 10_parse_pairs
base-sheet s3 11_collatz_max
base-sheet s3 12_celsius
base-sheet s3 13_describe
base-sheet s3 14_rect_lib
base-sheet s3 15_wordlens
base-sheet s1 e1_parse_fallback
base-sheet s1 e2_missing_file
base-sheet s1 e3_validate
base-sheet s1 r1_orders
base-sheet s1 r2_project
base-sheet s1 r3_report
base-sheet s1 f1_users
base-sheet s1 f2_adults
base-sheet s1 m1_oldest
base-sheet s1 m2_cfg_chain
base-sheet s2 e1_parse_fallback
base-sheet s2 e2_missing_file
base-sheet s2 e3_validate
base-sheet s2 r1_orders
base-sheet s2 r2_project
base-sheet s2 r3_report
base-sheet s2 f1_users
base-sheet s2 f2_adults
base-sheet s2 m1_oldest
base-sheet s2 m2_cfg_chain
base-sheet s3 e1_parse_fallback
base-sheet s3 e2_missing_file
base-sheet s3 e3_validate
base-sheet s3 r1_orders
base-sheet s3 r2_project
base-sheet s3 r3_report
base-sheet s3 f1_users
base-sheet s3 f2_adults
base-sheet s3 m1_oldest
base-sheet s3 m2_cfg_chain
base-sheet: 75 generations
Fetching 9 files:   0%|          | 0/9 [00:00<?, ?it/s]Fetching 9 files: 100%|██████████| 9/9 [00:00<00:00, 16799.62it/s]
base-short s1 01_rle
base-short s1 02_vowels
base-short s1 03_gcd
base-short s1 04_binary
base-short s1 05_dedup
base-short s1 06_stats
base-short s1 07_matrix_diag
base-short s1 08_invoice
base-short s1 09_topwords
base-short s1 10_parse_pairs
base-short s1 11_collatz_max
base-short s1 12_celsius
base-short s1 13_describe
base-short s1 14_rect_lib
base-short s1 15_wordlens
base-short s2 01_rle
base-short s2 02_vowels
base-short s2 03_gcd
base-short s2 04_binary
base-short s2 05_dedup
base-short s2 06_stats
base-short s2 07_matrix_diag
base-short s2 08_invoice
base-short s2 09_topwords
base-short s2 10_parse_pairs
base-short s2 11_collatz_max
base-short s2 12_celsius
base-short s2 13_describe
base-short s2 14_rect_lib
base-short s2 15_wordlens
base-short s3 01_rle
base-short s3 02_vowels
base-short s3 03_gcd
base-short s3 04_binary
base-short s3 05_dedup
base-short s3 06_stats
base-short s3 07_matrix_diag
base-short s3 08_invoice
base-short s3 09_topwords
base-short s3 10_parse_pairs
base-short s3 11_collatz_max
base-short s3 12_celsius
base-short s3 13_describe
base-short s3 14_rect_lib
base-short s3 15_wordlens
base-short s1 e1_parse_fallback
base-short s1 e2_missing_file
base-short s1 e3_validate
base-short s1 r1_orders
base-short s1 r2_project
base-short s1 r3_report
base-short s1 f1_users
base-short s1 f2_adults
base-short s1 m1_oldest
base-short s1 m2_cfg_chain
base-short s2 e1_parse_fallback
base-short s2 e2_missing_file
base-short s2 e3_validate
base-short s2 r1_orders
base-short s2 r2_project
base-short s2 r3_report
base-short s2 f1_users
base-short s2 f2_adults
base-short s2 m1_oldest
base-short s2 m2_cfg_chain
base-short s3 e1_parse_fallback
base-short s3 e2_missing_file
base-short s3 e3_validate
base-short s3 r1_orders
base-short s3 r2_project
base-short s3 r3_report
base-short s3 f1_users
base-short s3 f2_adults
base-short s3 m1_oldest
base-short s3 m2_cfg_chain
base-short: 75 generations
Fetching 9 files:   0%|          | 0/9 [00:00<?, ?it/s]Fetching 9 files: 100%|██████████| 9/9 [00:00<00:00, 12029.55it/s]
ft-short s1 01_rle
ft-short s1 02_vowels
ft-short s1 03_gcd
ft-short s1 04_binary
ft-short s1 05_dedup
ft-short s1 06_stats
ft-short s1 07_matrix_diag
ft-short s1 08_invoice
ft-short s1 09_topwords
ft-short s1 10_parse_pairs
ft-short s1 11_collatz_max
ft-short s1 12_celsius
ft-short s1 13_describe
ft-short s1 14_rect_lib
ft-short s1 15_wordlens
ft-short s2 01_rle
ft-short s2 02_vowels
ft-short s2 03_gcd
ft-short s2 04_binary
ft-short s2 05_dedup
ft-short s2 06_stats
ft-short s2 07_matrix_diag
ft-short s2 08_invoice
ft-short s2 09_topwords
ft-short s2 10_parse_pairs
ft-short s2 11_collatz_max
ft-short s2 12_celsius
ft-short s2 13_describe
ft-short s2 14_rect_lib
ft-short s2 15_wordlens
ft-short s3 01_rle
ft-short s3 02_vowels
ft-short s3 03_gcd
ft-short s3 04_binary
ft-short s3 05_dedup
ft-short s3 06_stats
ft-short s3 07_matrix_diag
ft-short s3 08_invoice
ft-short s3 09_topwords
ft-short s3 10_parse_pairs
ft-short s3 11_collatz_max
ft-short s3 12_celsius
ft-short s3 13_describe
ft-short s3 14_rect_lib
ft-short s3 15_wordlens
ft-short s1 e1_parse_fallback
ft-short s1 e2_missing_file
ft-short s1 e3_validate
ft-short s1 r1_orders
ft-short s1 r2_project
ft-short s1 r3_report
ft-short s1 f1_users
ft-short s1 f2_adults
ft-short s1 m1_oldest
ft-short s1 m2_cfg_chain
ft-short s2 e1_parse_fallback
ft-short s2 e2_missing_file
ft-short s2 e3_validate
ft-short s2 r1_orders
ft-short s2 r2_project
ft-short s2 r3_report
ft-short s2 f1_users
ft-short s2 f2_adults
ft-short s2 m1_oldest
ft-short s2 m2_cfg_chain
ft-short s3 e1_parse_fallback
ft-short s3 e2_missing_file
ft-short s3 e3_validate
ft-short s3 r1_orders
ft-short s3 r2_project
ft-short s3 r3_report
ft-short s3 f1_users
ft-short s3 f2_adults
ft-short s3 m1_oldest
ft-short s3 m2_cfg_chain
ft-short: 75 generations
LANES EXIT 0
